mode: set
/home/lzuccarelli/Projects/myportfolio/myportfolio-dbinterface/handlers.go:67.45,69.2 1 1
/home/lzuccarelli/Projects/myportfolio/myportfolio-dbinterface/handlers.go:73.46,81.14 4 1
/home/lzuccarelli/Projects/myportfolio/myportfolio-dbinterface/handlers.go:85.2,91.31 6 1
/home/lzuccarelli/Projects/myportfolio/myportfolio-dbinterface/handlers.go:94.2,95.14 2 1
/home/lzuccarelli/Projects/myportfolio/myportfolio-dbinterface/handlers.go:99.2,99.12 1 1
/home/lzuccarelli/Projects/myportfolio/myportfolio-dbinterface/handlers.go:81.14,84.3 2 1
/home/lzuccarelli/Projects/myportfolio/myportfolio-dbinterface/handlers.go:91.31,93.3 1 1
/home/lzuccarelli/Projects/myportfolio/myportfolio-dbinterface/handlers.go:95.14,98.3 2 0
/home/lzuccarelli/Projects/myportfolio/myportfolio-dbinterface/handlers.go:104.38,115.16 8 1
/home/lzuccarelli/Projects/myportfolio/myportfolio-dbinterface/handlers.go:118.2,123.16 4 1
/home/lzuccarelli/Projects/myportfolio/myportfolio-dbinterface/handlers.go:126.2,131.16 4 1
/home/lzuccarelli/Projects/myportfolio/myportfolio-dbinterface/handlers.go:135.2,140.16 4 1
/home/lzuccarelli/Projects/myportfolio/myportfolio-dbinterface/handlers.go:144.2,144.12 1 1
/home/lzuccarelli/Projects/myportfolio/myportfolio-dbinterface/handlers.go:115.16,117.3 1 0
/home/lzuccarelli/Projects/myportfolio/myportfolio-dbinterface/handlers.go:123.16,125.3 1 0
/home/lzuccarelli/Projects/myportfolio/myportfolio-dbinterface/handlers.go:131.16,133.3 1 0
/home/lzuccarelli/Projects/myportfolio/myportfolio-dbinterface/handlers.go:140.16,142.3 1 0
/home/lzuccarelli/Projects/myportfolio/myportfolio-dbinterface/handlers.go:150.48,162.14 9 1
/home/lzuccarelli/Projects/myportfolio/myportfolio-dbinterface/handlers.go:167.2,179.14 8 1
/home/lzuccarelli/Projects/myportfolio/myportfolio-dbinterface/handlers.go:185.2,190.42 6 1
/home/lzuccarelli/Projects/myportfolio/myportfolio-dbinterface/handlers.go:194.2,196.16 3 1
/home/lzuccarelli/Projects/myportfolio/myportfolio-dbinterface/handlers.go:202.2,203.33 2 1
/home/lzuccarelli/Projects/myportfolio/myportfolio-dbinterface/handlers.go:233.2,240.33 5 1
/home/lzuccarelli/Projects/myportfolio/myportfolio-dbinterface/handlers.go:244.2,245.14 2 1
/home/lzuccarelli/Projects/myportfolio/myportfolio-dbinterface/handlers.go:249.2,254.25 4 1
/home/lzuccarelli/Projects/myportfolio/myportfolio-dbinterface/handlers.go:258.2,259.14 2 1
/home/lzuccarelli/Projects/myportfolio/myportfolio-dbinterface/handlers.go:265.2,265.12 1 1
/home/lzuccarelli/Projects/myportfolio/myportfolio-dbinterface/handlers.go:162.14,165.3 2 1
/home/lzuccarelli/Projects/myportfolio/myportfolio-dbinterface/handlers.go:179.14,182.3 2 0
/home/lzuccarelli/Projects/myportfolio/myportfolio-dbinterface/handlers.go:190.42,193.3 2 0
/home/lzuccarelli/Projects/myportfolio/myportfolio-dbinterface/handlers.go:196.16,199.3 2 0
/home/lzuccarelli/Projects/myportfolio/myportfolio-dbinterface/handlers.go:203.33,210.43 7 1
/home/lzuccarelli/Projects/myportfolio/myportfolio-dbinterface/handlers.go:214.3,216.17 3 1
/home/lzuccarelli/Projects/myportfolio/myportfolio-dbinterface/handlers.go:220.3,222.28 3 1
/home/lzuccarelli/Projects/myportfolio/myportfolio-dbinterface/handlers.go:210.43,213.4 2 0
/home/lzuccarelli/Projects/myportfolio/myportfolio-dbinterface/handlers.go:216.17,219.4 2 0
/home/lzuccarelli/Projects/myportfolio/myportfolio-dbinterface/handlers.go:222.28,226.50 3 1
/home/lzuccarelli/Projects/myportfolio/myportfolio-dbinterface/handlers.go:226.50,229.5 2 1
/home/lzuccarelli/Projects/myportfolio/myportfolio-dbinterface/handlers.go:240.33,242.3 1 1
/home/lzuccarelli/Projects/myportfolio/myportfolio-dbinterface/handlers.go:245.14,248.3 2 0
/home/lzuccarelli/Projects/myportfolio/myportfolio-dbinterface/handlers.go:254.25,256.3 1 1
/home/lzuccarelli/Projects/myportfolio/myportfolio-dbinterface/handlers.go:259.14,262.3 2 0
/home/lzuccarelli/Projects/myportfolio/myportfolio-dbinterface/handlers.go:272.64,285.14 10 1
/home/lzuccarelli/Projects/myportfolio/myportfolio-dbinterface/handlers.go:290.2,302.14 8 1
/home/lzuccarelli/Projects/myportfolio/myportfolio-dbinterface/handlers.go:308.2,315.30 4 1
/home/lzuccarelli/Projects/myportfolio/myportfolio-dbinterface/handlers.go:319.2,319.23 1 1
/home/lzuccarelli/Projects/myportfolio/myportfolio-dbinterface/handlers.go:324.2,331.33 3 1
/home/lzuccarelli/Projects/myportfolio/myportfolio-dbinterface/handlers.go:395.2,395.12 1 1
/home/lzuccarelli/Projects/myportfolio/myportfolio-dbinterface/handlers.go:285.14,288.3 2 1
/home/lzuccarelli/Projects/myportfolio/myportfolio-dbinterface/handlers.go:302.14,305.3 2 0
/home/lzuccarelli/Projects/myportfolio/myportfolio-dbinterface/handlers.go:315.30,318.3 2 1
/home/lzuccarelli/Projects/myportfolio/myportfolio-dbinterface/handlers.go:319.23,323.3 3 0
/home/lzuccarelli/Projects/myportfolio/myportfolio-dbinterface/handlers.go:331.33,336.43 5 1
/home/lzuccarelli/Projects/myportfolio/myportfolio-dbinterface/handlers.go:340.3,342.17 3 1
/home/lzuccarelli/Projects/myportfolio/myportfolio-dbinterface/handlers.go:348.3,349.15 2 1
/home/lzuccarelli/Projects/myportfolio/myportfolio-dbinterface/handlers.go:353.3,355.25 2 1
/home/lzuccarelli/Projects/myportfolio/myportfolio-dbinterface/handlers.go:336.43,339.4 2 0
/home/lzuccarelli/Projects/myportfolio/myportfolio-dbinterface/handlers.go:342.17,345.4 2 0
/home/lzuccarelli/Projects/myportfolio/myportfolio-dbinterface/handlers.go:349.15,352.4 2 0
/home/lzuccarelli/Projects/myportfolio/myportfolio-dbinterface/handlers.go:355.25,356.27 1 1
/home/lzuccarelli/Projects/myportfolio/myportfolio-dbinterface/handlers.go:356.27,358.5 1 1
/home/lzuccarelli/Projects/myportfolio/myportfolio-dbinterface/handlers.go:358.10,359.28 1 1
/home/lzuccarelli/Projects/myportfolio/myportfolio-dbinterface/handlers.go:359.28,366.20 5 1
/home/lzuccarelli/Projects/myportfolio/myportfolio-dbinterface/handlers.go:369.6,382.18 10 1
/home/lzuccarelli/Projects/myportfolio/myportfolio-dbinterface/handlers.go:387.6,387.31 1 1
/home/lzuccarelli/Projects/myportfolio/myportfolio-dbinterface/handlers.go:366.20,368.7 1 0
/home/lzuccarelli/Projects/myportfolio/myportfolio-dbinterface/handlers.go:382.18,385.7 2 0
/home/lzuccarelli/Projects/myportfolio/myportfolio-dbinterface/handlers.go:388.11,390.6 1 0
/home/lzuccarelli/Projects/myportfolio/myportfolio-dbinterface/handlers.go:401.56,417.12 10 1
/home/lzuccarelli/Projects/myportfolio/myportfolio-dbinterface/handlers.go:519.2,519.12 1 1
/home/lzuccarelli/Projects/myportfolio/myportfolio-dbinterface/handlers.go:417.12,428.25 6 1
/home/lzuccarelli/Projects/myportfolio/myportfolio-dbinterface/handlers.go:432.3,432.24 1 1
/home/lzuccarelli/Projects/myportfolio/myportfolio-dbinterface/handlers.go:437.3,440.28 2 1
/home/lzuccarelli/Projects/myportfolio/myportfolio-dbinterface/handlers.go:510.3,510.12 1 1
/home/lzuccarelli/Projects/myportfolio/myportfolio-dbinterface/handlers.go:428.25,431.4 2 1
/home/lzuccarelli/Projects/myportfolio/myportfolio-dbinterface/handlers.go:432.24,436.4 3 0
/home/lzuccarelli/Projects/myportfolio/myportfolio-dbinterface/handlers.go:440.28,450.44 7 1
/home/lzuccarelli/Projects/myportfolio/myportfolio-dbinterface/handlers.go:456.4,458.18 3 1
/home/lzuccarelli/Projects/myportfolio/myportfolio-dbinterface/handlers.go:463.4,463.38 1 1
/home/lzuccarelli/Projects/myportfolio/myportfolio-dbinterface/handlers.go:498.4,501.16 4 1
/home/lzuccarelli/Projects/myportfolio/myportfolio-dbinterface/handlers.go:450.44,454.5 2 0
/home/lzuccarelli/Projects/myportfolio/myportfolio-dbinterface/handlers.go:458.18,461.5 2 0
/home/lzuccarelli/Projects/myportfolio/myportfolio-dbinterface/handlers.go:464.24,467.17 3 0
/home/lzuccarelli/Projects/myportfolio/myportfolio-dbinterface/handlers.go:471.5,473.39 2 0
/home/lzuccarelli/Projects/myportfolio/myportfolio-dbinterface/handlers.go:479.5,479.32 1 0
/home/lzuccarelli/Projects/myportfolio/myportfolio-dbinterface/handlers.go:480.20,483.17 3 0
/home/lzuccarelli/Projects/myportfolio/myportfolio-dbinterface/handlers.go:487.5,489.35 2 0
/home/lzuccarelli/Projects/myportfolio/myportfolio-dbinterface/handlers.go:495.5,495.28 1 0
/home/lzuccarelli/Projects/myportfolio/myportfolio-dbinterface/handlers.go:467.17,470.6 2 0
/home/lzuccarelli/Projects/myportfolio/myportfolio-dbinterface/handlers.go:473.39,475.6 1 0
/home/lzuccarelli/Projects/myportfolio/myportfolio-dbinterface/handlers.go:475.11,478.6 2 0
/home/lzuccarelli/Projects/myportfolio/myportfolio-dbinterface/handlers.go:483.17,486.6 2 0
/home/lzuccarelli/Projects/myportfolio/myportfolio-dbinterface/handlers.go:489.35,491.6 1 0
/home/lzuccarelli/Projects/myportfolio/myportfolio-dbinterface/handlers.go:491.11,494.6 2 0
/home/lzuccarelli/Projects/myportfolio/myportfolio-dbinterface/handlers.go:501.16,504.5 2 0
/home/lzuccarelli/Projects/myportfolio/myportfolio-dbinterface/handlers.go:510.12,513.4 1 1
/home/lzuccarelli/Projects/myportfolio/myportfolio-dbinterface/handlers.go:513.9,516.4 1 0
/home/lzuccarelli/Projects/myportfolio/myportfolio-dbinterface/handlers.go:524.66,530.14 4 1
/home/lzuccarelli/Projects/myportfolio/myportfolio-dbinterface/handlers.go:535.2,539.14 3 1
/home/lzuccarelli/Projects/myportfolio/myportfolio-dbinterface/handlers.go:544.2,551.8 5 1
/home/lzuccarelli/Projects/myportfolio/myportfolio-dbinterface/handlers.go:556.2,557.16 2 1
/home/lzuccarelli/Projects/myportfolio/myportfolio-dbinterface/handlers.go:560.2,565.15 3 1
/home/lzuccarelli/Projects/myportfolio/myportfolio-dbinterface/handlers.go:570.2,573.14 4 1
/home/lzuccarelli/Projects/myportfolio/myportfolio-dbinterface/handlers.go:578.2,580.20 2 1
/home/lzuccarelli/Projects/myportfolio/myportfolio-dbinterface/handlers.go:530.14,533.3 2 1
/home/lzuccarelli/Projects/myportfolio/myportfolio-dbinterface/handlers.go:539.14,542.3 2 0
/home/lzuccarelli/Projects/myportfolio/myportfolio-dbinterface/handlers.go:551.8,553.3 1 0
/home/lzuccarelli/Projects/myportfolio/myportfolio-dbinterface/handlers.go:557.16,559.3 1 0
/home/lzuccarelli/Projects/myportfolio/myportfolio-dbinterface/handlers.go:565.15,567.3 1 0
/home/lzuccarelli/Projects/myportfolio/myportfolio-dbinterface/handlers.go:573.14,576.3 2 0
/home/lzuccarelli/Projects/myportfolio/myportfolio-dbinterface/handlers.go:585.61,599.23 8 1
/home/lzuccarelli/Projects/myportfolio/myportfolio-dbinterface/handlers.go:603.2,603.23 1 1
/home/lzuccarelli/Projects/myportfolio/myportfolio-dbinterface/handlers.go:608.2,611.24 2 1
/home/lzuccarelli/Projects/myportfolio/myportfolio-dbinterface/handlers.go:599.23,602.3 2 0
/home/lzuccarelli/Projects/myportfolio/myportfolio-dbinterface/handlers.go:603.23,607.3 3 0
/home/lzuccarelli/Projects/myportfolio/myportfolio-dbinterface/handlers.go:616.88,632.26 12 1
/home/lzuccarelli/Projects/myportfolio/myportfolio-dbinterface/handlers.go:636.2,643.23 4 1
/home/lzuccarelli/Projects/myportfolio/myportfolio-dbinterface/handlers.go:647.2,647.23 1 1
/home/lzuccarelli/Projects/myportfolio/myportfolio-dbinterface/handlers.go:652.2,655.26 2 1
/home/lzuccarelli/Projects/myportfolio/myportfolio-dbinterface/handlers.go:632.26,634.3 1 1
/home/lzuccarelli/Projects/myportfolio/myportfolio-dbinterface/handlers.go:643.23,646.3 2 1
/home/lzuccarelli/Projects/myportfolio/myportfolio-dbinterface/handlers.go:647.23,651.3 3 0
/home/lzuccarelli/Projects/myportfolio/myportfolio-dbinterface/handlers.go:660.72,673.10 8 1
/home/lzuccarelli/Projects/myportfolio/myportfolio-dbinterface/handlers.go:681.2,683.23 2 1
/home/lzuccarelli/Projects/myportfolio/myportfolio-dbinterface/handlers.go:689.2,689.23 1 1
/home/lzuccarelli/Projects/myportfolio/myportfolio-dbinterface/handlers.go:694.2,697.20 2 1
/home/lzuccarelli/Projects/myportfolio/myportfolio-dbinterface/handlers.go:673.10,676.3 2 1
/home/lzuccarelli/Projects/myportfolio/myportfolio-dbinterface/handlers.go:676.8,678.3 1 1
/home/lzuccarelli/Projects/myportfolio/myportfolio-dbinterface/handlers.go:683.23,688.3 4 1
/home/lzuccarelli/Projects/myportfolio/myportfolio-dbinterface/handlers.go:689.23,693.3 3 0
/home/lzuccarelli/Projects/myportfolio/myportfolio-dbinterface/handlers.go:702.63,711.2 7 1
/home/lzuccarelli/Projects/myportfolio/myportfolio-dbinterface/handlers.go:715.92,727.23 9 1
/home/lzuccarelli/Projects/myportfolio/myportfolio-dbinterface/handlers.go:733.2,733.23 1 1
/home/lzuccarelli/Projects/myportfolio/myportfolio-dbinterface/handlers.go:738.2,740.20 2 1
/home/lzuccarelli/Projects/myportfolio/myportfolio-dbinterface/handlers.go:727.23,732.3 4 1
/home/lzuccarelli/Projects/myportfolio/myportfolio-dbinterface/handlers.go:733.23,737.3 3 0
/home/lzuccarelli/Projects/myportfolio/myportfolio-dbinterface/handlers.go:745.67,757.16 8 1
/home/lzuccarelli/Projects/myportfolio/myportfolio-dbinterface/handlers.go:766.2,767.18 2 1
/home/lzuccarelli/Projects/myportfolio/myportfolio-dbinterface/handlers.go:757.16,758.52 1 0
/home/lzuccarelli/Projects/myportfolio/myportfolio-dbinterface/handlers.go:758.52,761.4 2 0
/home/lzuccarelli/Projects/myportfolio/myportfolio-dbinterface/handlers.go:761.9,764.4 2 0
/home/lzuccarelli/Projects/myportfolio/myportfolio-dbinterface/handlers.go:772.72,777.14 3 1
/home/lzuccarelli/Projects/myportfolio/myportfolio-dbinterface/handlers.go:782.2,786.14 3 1
/home/lzuccarelli/Projects/myportfolio/myportfolio-dbinterface/handlers.go:791.2,799.16 5 1
/home/lzuccarelli/Projects/myportfolio/myportfolio-dbinterface/handlers.go:859.2,859.22 1 1
/home/lzuccarelli/Projects/myportfolio/myportfolio-dbinterface/handlers.go:777.14,780.3 2 0
/home/lzuccarelli/Projects/myportfolio/myportfolio-dbinterface/handlers.go:786.14,789.3 2 0
/home/lzuccarelli/Projects/myportfolio/myportfolio-dbinterface/handlers.go:799.16,805.16 3 0
/home/lzuccarelli/Projects/myportfolio/myportfolio-dbinterface/handlers.go:808.3,809.15 2 0
/home/lzuccarelli/Projects/myportfolio/myportfolio-dbinterface/handlers.go:805.16,807.4 1 0
/home/lzuccarelli/Projects/myportfolio/myportfolio-dbinterface/handlers.go:809.15,812.4 2 0
/home/lzuccarelli/Projects/myportfolio/myportfolio-dbinterface/handlers.go:813.8,821.16 4 1
/home/lzuccarelli/Projects/myportfolio/myportfolio-dbinterface/handlers.go:827.3,829.15 3 1
/home/lzuccarelli/Projects/myportfolio/myportfolio-dbinterface/handlers.go:836.3,839.17 3 1
/home/lzuccarelli/Projects/myportfolio/myportfolio-dbinterface/handlers.go:821.16,823.4 1 0
/home/lzuccarelli/Projects/myportfolio/myportfolio-dbinterface/handlers.go:829.15,832.4 2 0
/home/lzuccarelli/Projects/myportfolio/myportfolio-dbinterface/handlers.go:839.17,841.4 1 0
/home/lzuccarelli/Projects/myportfolio/myportfolio-dbinterface/handlers.go:841.9,844.48 3 1
/home/lzuccarelli/Projects/myportfolio/myportfolio-dbinterface/handlers.go:844.48,846.5 1 0
/home/lzuccarelli/Projects/myportfolio/myportfolio-dbinterface/handlers.go:846.10,851.17 5 1
/home/lzuccarelli/Projects/myportfolio/myportfolio-dbinterface/handlers.go:851.17,853.6 1 0
/home/lzuccarelli/Projects/myportfolio/myportfolio-dbinterface/handlers.go:864.55,869.2 4 1
/home/lzuccarelli/Projects/myportfolio/myportfolio-dbinterface/middleware.go:23.64,30.16 5 1
/home/lzuccarelli/Projects/myportfolio/myportfolio-dbinterface/middleware.go:34.2,35.16 2 1
/home/lzuccarelli/Projects/myportfolio/myportfolio-dbinterface/middleware.go:42.2,43.27 2 1
/home/lzuccarelli/Projects/myportfolio/myportfolio-dbinterface/middleware.go:30.16,32.3 1 0
/home/lzuccarelli/Projects/myportfolio/myportfolio-dbinterface/middleware.go:35.16,37.3 1 1
/home/lzuccarelli/Projects/myportfolio/myportfolio-dbinterface/middleware.go:37.8,40.3 2 1
/home/lzuccarelli/Projects/myportfolio/myportfolio-dbinterface/middleware.go:48.64,55.16 5 1
/home/lzuccarelli/Projects/myportfolio/myportfolio-dbinterface/middleware.go:62.2,63.27 2 1
/home/lzuccarelli/Projects/myportfolio/myportfolio-dbinterface/middleware.go:55.16,57.3 1 0
/home/lzuccarelli/Projects/myportfolio/myportfolio-dbinterface/middleware.go:57.8,60.3 2 1
/home/lzuccarelli/Projects/myportfolio/myportfolio-dbinterface/middleware.go:68.75,78.62 7 1
/home/lzuccarelli/Projects/myportfolio/myportfolio-dbinterface/middleware.go:90.2,91.27 2 1
/home/lzuccarelli/Projects/myportfolio/myportfolio-dbinterface/middleware.go:78.62,80.3 1 0
/home/lzuccarelli/Projects/myportfolio/myportfolio-dbinterface/middleware.go:80.8,82.17 2 1
/home/lzuccarelli/Projects/myportfolio/myportfolio-dbinterface/middleware.go:82.17,84.4 1 0
/home/lzuccarelli/Projects/myportfolio/myportfolio-dbinterface/middleware.go:84.9,87.4 2 1
/home/lzuccarelli/Projects/myportfolio/myportfolio-dbinterface/middleware.go:96.88,106.16 7 1
/home/lzuccarelli/Projects/myportfolio/myportfolio-dbinterface/middleware.go:110.2,113.16 3 1
/home/lzuccarelli/Projects/myportfolio/myportfolio-dbinterface/middleware.go:120.2,121.27 2 1
/home/lzuccarelli/Projects/myportfolio/myportfolio-dbinterface/middleware.go:106.16,108.3 1 0
/home/lzuccarelli/Projects/myportfolio/myportfolio-dbinterface/middleware.go:113.16,115.3 1 0
/home/lzuccarelli/Projects/myportfolio/myportfolio-dbinterface/middleware.go:115.8,118.3 2 1
/home/lzuccarelli/Projects/myportfolio/myportfolio-dbinterface/middleware.go:126.81,136.16 7 1
/home/lzuccarelli/Projects/myportfolio/myportfolio-dbinterface/middleware.go:143.2,144.27 2 1
/home/lzuccarelli/Projects/myportfolio/myportfolio-dbinterface/middleware.go:136.16,138.3 1 0
/home/lzuccarelli/Projects/myportfolio/myportfolio-dbinterface/middleware.go:138.8,141.3 2 1
/home/lzuccarelli/Projects/myportfolio/myportfolio-dbinterface/middleware.go:149.82,159.16 7 1
/home/lzuccarelli/Projects/myportfolio/myportfolio-dbinterface/middleware.go:166.2,167.27 2 1
/home/lzuccarelli/Projects/myportfolio/myportfolio-dbinterface/middleware.go:159.16,161.3 1 0
/home/lzuccarelli/Projects/myportfolio/myportfolio-dbinterface/middleware.go:161.8,164.3 2 1
/home/lzuccarelli/Projects/myportfolio/myportfolio-dbinterface/middleware.go:172.76,182.16 7 1
/home/lzuccarelli/Projects/myportfolio/myportfolio-dbinterface/middleware.go:189.2,190.27 2 1
/home/lzuccarelli/Projects/myportfolio/myportfolio-dbinterface/middleware.go:182.16,184.3 1 0
/home/lzuccarelli/Projects/myportfolio/myportfolio-dbinterface/middleware.go:184.8,187.3 2 1
/home/lzuccarelli/Projects/myportfolio/myportfolio-dbinterface/middleware.go:195.91,210.32 11 1
/home/lzuccarelli/Projects/myportfolio/myportfolio-dbinterface/middleware.go:220.2,221.16 2 1
/home/lzuccarelli/Projects/myportfolio/myportfolio-dbinterface/middleware.go:234.2,235.27 2 1
/home/lzuccarelli/Projects/myportfolio/myportfolio-dbinterface/middleware.go:210.32,215.3 4 0
/home/lzuccarelli/Projects/myportfolio/myportfolio-dbinterface/middleware.go:215.8,219.3 3 1
/home/lzuccarelli/Projects/myportfolio/myportfolio-dbinterface/middleware.go:221.16,223.3 1 0
/home/lzuccarelli/Projects/myportfolio/myportfolio-dbinterface/middleware.go:223.8,232.3 2 1
/home/lzuccarelli/Projects/myportfolio/myportfolio-dbinterface/middleware.go:240.68,249.16 6 1
/home/lzuccarelli/Projects/myportfolio/myportfolio-dbinterface/middleware.go:253.2,254.16 2 1
/home/lzuccarelli/Projects/myportfolio/myportfolio-dbinterface/middleware.go:261.2,262.27 2 1
/home/lzuccarelli/Projects/myportfolio/myportfolio-dbinterface/middleware.go:249.16,251.3 1 0
/home/lzuccarelli/Projects/myportfolio/myportfolio-dbinterface/middleware.go:254.16,256.3 1 1
/home/lzuccarelli/Projects/myportfolio/myportfolio-dbinterface/middleware.go:256.8,259.3 2 1
/home/lzuccarelli/Projects/myportfolio/myportfolio-dbinterface/middleware.go:267.71,276.16 6 1
/home/lzuccarelli/Projects/myportfolio/myportfolio-dbinterface/middleware.go:280.2,281.16 2 1
/home/lzuccarelli/Projects/myportfolio/myportfolio-dbinterface/middleware.go:288.2,289.27 2 1
/home/lzuccarelli/Projects/myportfolio/myportfolio-dbinterface/middleware.go:276.16,278.3 1 0
/home/lzuccarelli/Projects/myportfolio/myportfolio-dbinterface/middleware.go:281.16,283.3 1 0
/home/lzuccarelli/Projects/myportfolio/myportfolio-dbinterface/middleware.go:283.8,286.3 2 1
/home/lzuccarelli/Projects/myportfolio/myportfolio-dbinterface/middleware.go:294.82,303.14 6 1
/home/lzuccarelli/Projects/myportfolio/myportfolio-dbinterface/middleware.go:310.2,311.27 2 1
/home/lzuccarelli/Projects/myportfolio/myportfolio-dbinterface/middleware.go:303.14,305.3 1 0
/home/lzuccarelli/Projects/myportfolio/myportfolio-dbinterface/middleware.go:305.8,308.3 2 1
/home/lzuccarelli/Projects/myportfolio/myportfolio-dbinterface/middleware.go:316.70,325.16 6 1
/home/lzuccarelli/Projects/myportfolio/myportfolio-dbinterface/middleware.go:329.2,330.14 2 1
/home/lzuccarelli/Projects/myportfolio/myportfolio-dbinterface/middleware.go:337.2,338.27 2 1
/home/lzuccarelli/Projects/myportfolio/myportfolio-dbinterface/middleware.go:325.16,327.3 1 0
/home/lzuccarelli/Projects/myportfolio/myportfolio-dbinterface/middleware.go:330.14,332.3 1 1
/home/lzuccarelli/Projects/myportfolio/myportfolio-dbinterface/middleware.go:332.8,335.3 2 1
/home/lzuccarelli/Projects/myportfolio/myportfolio-dbinterface/middleware.go:343.71,353.16 7 1
/home/lzuccarelli/Projects/myportfolio/myportfolio-dbinterface/middleware.go:360.2,361.27 2 1
/home/lzuccarelli/Projects/myportfolio/myportfolio-dbinterface/middleware.go:353.16,355.3 1 0
/home/lzuccarelli/Projects/myportfolio/myportfolio-dbinterface/middleware.go:355.8,358.3 2 1
/home/lzuccarelli/Projects/myportfolio/myportfolio-dbinterface/middleware.go:366.74,375.16 6 1
/home/lzuccarelli/Projects/myportfolio/myportfolio-dbinterface/middleware.go:379.2,380.14 2 1
/home/lzuccarelli/Projects/myportfolio/myportfolio-dbinterface/middleware.go:387.2,388.27 2 1
/home/lzuccarelli/Projects/myportfolio/myportfolio-dbinterface/middleware.go:375.16,377.3 1 0
/home/lzuccarelli/Projects/myportfolio/myportfolio-dbinterface/middleware.go:380.14,382.3 1 0
/home/lzuccarelli/Projects/myportfolio/myportfolio-dbinterface/middleware.go:382.8,385.3 2 1
/home/lzuccarelli/Projects/myportfolio/myportfolio-dbinterface/middleware.go:391.68,396.2 4 1
/home/lzuccarelli/Projects/myportfolio/myportfolio-dbinterface/middleware.go:399.54,403.2 3 1
/home/lzuccarelli/Projects/myportfolio/myportfolio-dbinterface/middleware.go:406.60,407.27 1 1
/home/lzuccarelli/Projects/myportfolio/myportfolio-dbinterface/middleware.go:411.2,411.8 1 1
/home/lzuccarelli/Projects/myportfolio/myportfolio-dbinterface/middleware.go:407.27,410.3 2 0
/home/lzuccarelli/Projects/myportfolio/myportfolio-dbinterface/middleware.go:415.81,419.2 3 1
/home/lzuccarelli/Projects/myportfolio/myportfolio-dbinterface/middleware.go:422.57,424.38 2 1
/home/lzuccarelli/Projects/myportfolio/myportfolio-dbinterface/middleware.go:431.2,437.134 5 1
/home/lzuccarelli/Projects/myportfolio/myportfolio-dbinterface/middleware.go:424.38,426.29 2 1
/home/lzuccarelli/Projects/myportfolio/myportfolio-dbinterface/middleware.go:426.29,428.4 1 1
