mode: set
/home/lzuccarelli/Projects/myportfolio/myportfolio-dbinterface/handlers.go:67.45,69.2 1 1
/home/lzuccarelli/Projects/myportfolio/myportfolio-dbinterface/handlers.go:73.46,81.14 4 1
/home/lzuccarelli/Projects/myportfolio/myportfolio-dbinterface/handlers.go:85.2,91.31 6 1
/home/lzuccarelli/Projects/myportfolio/myportfolio-dbinterface/handlers.go:94.2,95.14 2 1
/home/lzuccarelli/Projects/myportfolio/myportfolio-dbinterface/handlers.go:99.2,99.12 1 1
/home/lzuccarelli/Projects/myportfolio/myportfolio-dbinterface/handlers.go:81.14,84.3 2 1
/home/lzuccarelli/Projects/myportfolio/myportfolio-dbinterface/handlers.go:91.31,93.3 1 1
/home/lzuccarelli/Projects/myportfolio/myportfolio-dbinterface/handlers.go:95.14,98.3 2 0
/home/lzuccarelli/Projects/myportfolio/myportfolio-dbinterface/handlers.go:104.38,115.16 8 1
/home/lzuccarelli/Projects/myportfolio/myportfolio-dbinterface/handlers.go:118.2,123.16 4 1
/home/lzuccarelli/Projects/myportfolio/myportfolio-dbinterface/handlers.go:126.2,131.16 4 1
/home/lzuccarelli/Projects/myportfolio/myportfolio-dbinterface/handlers.go:135.2,140.16 4 1
/home/lzuccarelli/Projects/myportfolio/myportfolio-dbinterface/handlers.go:144.2,144.12 1 1
/home/lzuccarelli/Projects/myportfolio/myportfolio-dbinterface/handlers.go:115.16,117.3 1 0
/home/lzuccarelli/Projects/myportfolio/myportfolio-dbinterface/handlers.go:123.16,125.3 1 0
/home/lzuccarelli/Projects/myportfolio/myportfolio-dbinterface/handlers.go:131.16,133.3 1 0
/home/lzuccarelli/Projects/myportfolio/myportfolio-dbinterface/handlers.go:140.16,142.3 1 0
/home/lzuccarelli/Projects/myportfolio/myportfolio-dbinterface/handlers.go:150.48,163.14 10 1
/home/lzuccarelli/Projects/myportfolio/myportfolio-dbinterface/handlers.go:168.2,180.14 8 1
/home/lzuccarelli/Projects/myportfolio/myportfolio-dbinterface/handlers.go:186.2,191.42 6 1
/home/lzuccarelli/Projects/myportfolio/myportfolio-dbinterface/handlers.go:195.2,197.16 3 1
/home/lzuccarelli/Projects/myportfolio/myportfolio-dbinterface/handlers.go:202.2,203.33 2 1
/home/lzuccarelli/Projects/myportfolio/myportfolio-dbinterface/handlers.go:260.2,267.33 5 1
/home/lzuccarelli/Projects/myportfolio/myportfolio-dbinterface/handlers.go:271.2,272.14 2 1
/home/lzuccarelli/Projects/myportfolio/myportfolio-dbinterface/handlers.go:276.2,281.25 4 1
/home/lzuccarelli/Projects/myportfolio/myportfolio-dbinterface/handlers.go:285.2,286.14 2 1
/home/lzuccarelli/Projects/myportfolio/myportfolio-dbinterface/handlers.go:292.2,292.12 1 1
/home/lzuccarelli/Projects/myportfolio/myportfolio-dbinterface/handlers.go:163.14,166.3 2 1
/home/lzuccarelli/Projects/myportfolio/myportfolio-dbinterface/handlers.go:180.14,183.3 2 0
/home/lzuccarelli/Projects/myportfolio/myportfolio-dbinterface/handlers.go:191.42,194.3 2 0
/home/lzuccarelli/Projects/myportfolio/myportfolio-dbinterface/handlers.go:197.16,200.3 2 0
/home/lzuccarelli/Projects/myportfolio/myportfolio-dbinterface/handlers.go:203.33,211.43 7 1
/home/lzuccarelli/Projects/myportfolio/myportfolio-dbinterface/handlers.go:215.3,217.17 3 1
/home/lzuccarelli/Projects/myportfolio/myportfolio-dbinterface/handlers.go:221.3,230.43 8 1
/home/lzuccarelli/Projects/myportfolio/myportfolio-dbinterface/handlers.go:234.3,236.17 3 1
/home/lzuccarelli/Projects/myportfolio/myportfolio-dbinterface/handlers.go:240.3,242.28 3 1
/home/lzuccarelli/Projects/myportfolio/myportfolio-dbinterface/handlers.go:211.43,214.4 2 0
/home/lzuccarelli/Projects/myportfolio/myportfolio-dbinterface/handlers.go:217.17,220.4 2 0
/home/lzuccarelli/Projects/myportfolio/myportfolio-dbinterface/handlers.go:230.43,233.4 2 0
/home/lzuccarelli/Projects/myportfolio/myportfolio-dbinterface/handlers.go:236.17,239.4 2 0
/home/lzuccarelli/Projects/myportfolio/myportfolio-dbinterface/handlers.go:242.28,247.49 3 1
/home/lzuccarelli/Projects/myportfolio/myportfolio-dbinterface/handlers.go:253.4,253.50 1 1
/home/lzuccarelli/Projects/myportfolio/myportfolio-dbinterface/handlers.go:247.49,249.5 1 0
/home/lzuccarelli/Projects/myportfolio/myportfolio-dbinterface/handlers.go:249.10,251.5 1 1
/home/lzuccarelli/Projects/myportfolio/myportfolio-dbinterface/handlers.go:253.50,256.5 2 1
/home/lzuccarelli/Projects/myportfolio/myportfolio-dbinterface/handlers.go:267.33,269.3 1 1
/home/lzuccarelli/Projects/myportfolio/myportfolio-dbinterface/handlers.go:272.14,275.3 2 0
/home/lzuccarelli/Projects/myportfolio/myportfolio-dbinterface/handlers.go:281.25,283.3 1 1
/home/lzuccarelli/Projects/myportfolio/myportfolio-dbinterface/handlers.go:286.14,289.3 2 0
/home/lzuccarelli/Projects/myportfolio/myportfolio-dbinterface/handlers.go:299.64,312.14 10 1
/home/lzuccarelli/Projects/myportfolio/myportfolio-dbinterface/handlers.go:317.2,329.14 8 1
/home/lzuccarelli/Projects/myportfolio/myportfolio-dbinterface/handlers.go:335.2,342.30 4 1
/home/lzuccarelli/Projects/myportfolio/myportfolio-dbinterface/handlers.go:346.2,346.23 1 1
/home/lzuccarelli/Projects/myportfolio/myportfolio-dbinterface/handlers.go:351.2,358.33 3 1
/home/lzuccarelli/Projects/myportfolio/myportfolio-dbinterface/handlers.go:425.2,425.12 1 1
/home/lzuccarelli/Projects/myportfolio/myportfolio-dbinterface/handlers.go:312.14,315.3 2 1
/home/lzuccarelli/Projects/myportfolio/myportfolio-dbinterface/handlers.go:329.14,332.3 2 0
/home/lzuccarelli/Projects/myportfolio/myportfolio-dbinterface/handlers.go:342.30,345.3 2 1
/home/lzuccarelli/Projects/myportfolio/myportfolio-dbinterface/handlers.go:346.23,350.3 3 0
/home/lzuccarelli/Projects/myportfolio/myportfolio-dbinterface/handlers.go:358.33,363.43 5 1
/home/lzuccarelli/Projects/myportfolio/myportfolio-dbinterface/handlers.go:367.3,369.17 3 1
/home/lzuccarelli/Projects/myportfolio/myportfolio-dbinterface/handlers.go:375.3,376.15 2 1
/home/lzuccarelli/Projects/myportfolio/myportfolio-dbinterface/handlers.go:380.3,382.25 2 1
/home/lzuccarelli/Projects/myportfolio/myportfolio-dbinterface/handlers.go:363.43,366.4 2 0
/home/lzuccarelli/Projects/myportfolio/myportfolio-dbinterface/handlers.go:369.17,372.4 2 0
/home/lzuccarelli/Projects/myportfolio/myportfolio-dbinterface/handlers.go:376.15,379.4 2 0
/home/lzuccarelli/Projects/myportfolio/myportfolio-dbinterface/handlers.go:382.25,386.27 1 1
/home/lzuccarelli/Projects/myportfolio/myportfolio-dbinterface/handlers.go:386.27,393.19 5 1
/home/lzuccarelli/Projects/myportfolio/myportfolio-dbinterface/handlers.go:396.5,412.17 13 1
/home/lzuccarelli/Projects/myportfolio/myportfolio-dbinterface/handlers.go:417.5,417.30 1 1
/home/lzuccarelli/Projects/myportfolio/myportfolio-dbinterface/handlers.go:393.19,395.6 1 0
/home/lzuccarelli/Projects/myportfolio/myportfolio-dbinterface/handlers.go:412.17,415.6 2 0
/home/lzuccarelli/Projects/myportfolio/myportfolio-dbinterface/handlers.go:431.56,447.12 10 1
/home/lzuccarelli/Projects/myportfolio/myportfolio-dbinterface/handlers.go:551.2,551.12 1 1
/home/lzuccarelli/Projects/myportfolio/myportfolio-dbinterface/handlers.go:447.12,460.25 7 1
/home/lzuccarelli/Projects/myportfolio/myportfolio-dbinterface/handlers.go:464.3,464.24 1 1
/home/lzuccarelli/Projects/myportfolio/myportfolio-dbinterface/handlers.go:469.3,472.28 2 1
/home/lzuccarelli/Projects/myportfolio/myportfolio-dbinterface/handlers.go:542.3,542.12 1 1
/home/lzuccarelli/Projects/myportfolio/myportfolio-dbinterface/handlers.go:460.25,463.4 2 1
/home/lzuccarelli/Projects/myportfolio/myportfolio-dbinterface/handlers.go:464.24,468.4 3 0
/home/lzuccarelli/Projects/myportfolio/myportfolio-dbinterface/handlers.go:472.28,482.44 7 1
/home/lzuccarelli/Projects/myportfolio/myportfolio-dbinterface/handlers.go:488.4,490.18 3 1
/home/lzuccarelli/Projects/myportfolio/myportfolio-dbinterface/handlers.go:495.4,495.38 1 1
/home/lzuccarelli/Projects/myportfolio/myportfolio-dbinterface/handlers.go:530.4,533.16 4 1
/home/lzuccarelli/Projects/myportfolio/myportfolio-dbinterface/handlers.go:482.44,486.5 2 0
/home/lzuccarelli/Projects/myportfolio/myportfolio-dbinterface/handlers.go:490.18,493.5 2 0
/home/lzuccarelli/Projects/myportfolio/myportfolio-dbinterface/handlers.go:496.24,499.17 3 1
/home/lzuccarelli/Projects/myportfolio/myportfolio-dbinterface/handlers.go:503.5,505.39 2 1
/home/lzuccarelli/Projects/myportfolio/myportfolio-dbinterface/handlers.go:511.5,511.32 1 1
/home/lzuccarelli/Projects/myportfolio/myportfolio-dbinterface/handlers.go:512.20,515.17 3 1
/home/lzuccarelli/Projects/myportfolio/myportfolio-dbinterface/handlers.go:519.5,521.35 2 1
/home/lzuccarelli/Projects/myportfolio/myportfolio-dbinterface/handlers.go:527.5,527.28 1 1
/home/lzuccarelli/Projects/myportfolio/myportfolio-dbinterface/handlers.go:499.17,502.6 2 1
/home/lzuccarelli/Projects/myportfolio/myportfolio-dbinterface/handlers.go:505.39,507.6 1 1
/home/lzuccarelli/Projects/myportfolio/myportfolio-dbinterface/handlers.go:507.11,510.6 2 0
/home/lzuccarelli/Projects/myportfolio/myportfolio-dbinterface/handlers.go:515.17,518.6 2 1
/home/lzuccarelli/Projects/myportfolio/myportfolio-dbinterface/handlers.go:521.35,523.6 1 1
/home/lzuccarelli/Projects/myportfolio/myportfolio-dbinterface/handlers.go:523.11,526.6 2 0
/home/lzuccarelli/Projects/myportfolio/myportfolio-dbinterface/handlers.go:533.16,536.5 2 0
/home/lzuccarelli/Projects/myportfolio/myportfolio-dbinterface/handlers.go:542.12,545.4 1 1
/home/lzuccarelli/Projects/myportfolio/myportfolio-dbinterface/handlers.go:545.9,548.4 1 1
/home/lzuccarelli/Projects/myportfolio/myportfolio-dbinterface/handlers.go:556.66,562.14 4 1
/home/lzuccarelli/Projects/myportfolio/myportfolio-dbinterface/handlers.go:567.2,571.14 3 1
/home/lzuccarelli/Projects/myportfolio/myportfolio-dbinterface/handlers.go:576.2,583.8 5 1
/home/lzuccarelli/Projects/myportfolio/myportfolio-dbinterface/handlers.go:588.2,589.16 2 1
/home/lzuccarelli/Projects/myportfolio/myportfolio-dbinterface/handlers.go:592.2,597.15 3 1
/home/lzuccarelli/Projects/myportfolio/myportfolio-dbinterface/handlers.go:602.2,605.14 4 1
/home/lzuccarelli/Projects/myportfolio/myportfolio-dbinterface/handlers.go:610.2,612.20 2 1
/home/lzuccarelli/Projects/myportfolio/myportfolio-dbinterface/handlers.go:562.14,565.3 2 1
/home/lzuccarelli/Projects/myportfolio/myportfolio-dbinterface/handlers.go:571.14,574.3 2 0
/home/lzuccarelli/Projects/myportfolio/myportfolio-dbinterface/handlers.go:583.8,585.3 1 0
/home/lzuccarelli/Projects/myportfolio/myportfolio-dbinterface/handlers.go:589.16,591.3 1 0
/home/lzuccarelli/Projects/myportfolio/myportfolio-dbinterface/handlers.go:597.15,599.3 1 0
/home/lzuccarelli/Projects/myportfolio/myportfolio-dbinterface/handlers.go:605.14,608.3 2 0
/home/lzuccarelli/Projects/myportfolio/myportfolio-dbinterface/handlers.go:617.61,631.23 8 1
/home/lzuccarelli/Projects/myportfolio/myportfolio-dbinterface/handlers.go:635.2,635.23 1 1
/home/lzuccarelli/Projects/myportfolio/myportfolio-dbinterface/handlers.go:640.2,643.24 2 1
/home/lzuccarelli/Projects/myportfolio/myportfolio-dbinterface/handlers.go:631.23,634.3 2 0
/home/lzuccarelli/Projects/myportfolio/myportfolio-dbinterface/handlers.go:635.23,639.3 3 0
/home/lzuccarelli/Projects/myportfolio/myportfolio-dbinterface/handlers.go:648.88,662.40 10 1
/home/lzuccarelli/Projects/myportfolio/myportfolio-dbinterface/handlers.go:665.2,666.26 2 1
/home/lzuccarelli/Projects/myportfolio/myportfolio-dbinterface/handlers.go:672.2,680.23 5 1
/home/lzuccarelli/Projects/myportfolio/myportfolio-dbinterface/handlers.go:684.2,684.23 1 1
/home/lzuccarelli/Projects/myportfolio/myportfolio-dbinterface/handlers.go:689.2,692.26 2 1
/home/lzuccarelli/Projects/myportfolio/myportfolio-dbinterface/handlers.go:662.40,664.3 1 0
/home/lzuccarelli/Projects/myportfolio/myportfolio-dbinterface/handlers.go:666.26,670.3 2 1
/home/lzuccarelli/Projects/myportfolio/myportfolio-dbinterface/handlers.go:680.23,683.3 2 1
/home/lzuccarelli/Projects/myportfolio/myportfolio-dbinterface/handlers.go:684.23,688.3 3 0
/home/lzuccarelli/Projects/myportfolio/myportfolio-dbinterface/handlers.go:697.72,711.10 9 1
/home/lzuccarelli/Projects/myportfolio/myportfolio-dbinterface/handlers.go:719.2,721.23 2 1
/home/lzuccarelli/Projects/myportfolio/myportfolio-dbinterface/handlers.go:727.2,727.23 1 1
/home/lzuccarelli/Projects/myportfolio/myportfolio-dbinterface/handlers.go:732.2,735.20 2 1
/home/lzuccarelli/Projects/myportfolio/myportfolio-dbinterface/handlers.go:711.10,714.3 2 1
/home/lzuccarelli/Projects/myportfolio/myportfolio-dbinterface/handlers.go:714.8,716.3 1 1
/home/lzuccarelli/Projects/myportfolio/myportfolio-dbinterface/handlers.go:721.23,726.3 4 1
/home/lzuccarelli/Projects/myportfolio/myportfolio-dbinterface/handlers.go:727.23,731.3 3 0
/home/lzuccarelli/Projects/myportfolio/myportfolio-dbinterface/handlers.go:740.63,750.2 8 1
/home/lzuccarelli/Projects/myportfolio/myportfolio-dbinterface/handlers.go:754.92,767.23 10 1
/home/lzuccarelli/Projects/myportfolio/myportfolio-dbinterface/handlers.go:773.2,773.23 1 1
/home/lzuccarelli/Projects/myportfolio/myportfolio-dbinterface/handlers.go:778.2,780.20 2 1
/home/lzuccarelli/Projects/myportfolio/myportfolio-dbinterface/handlers.go:767.23,772.3 4 1
/home/lzuccarelli/Projects/myportfolio/myportfolio-dbinterface/handlers.go:773.23,777.3 3 0
/home/lzuccarelli/Projects/myportfolio/myportfolio-dbinterface/handlers.go:785.67,797.16 8 1
/home/lzuccarelli/Projects/myportfolio/myportfolio-dbinterface/handlers.go:806.2,807.18 2 1
/home/lzuccarelli/Projects/myportfolio/myportfolio-dbinterface/handlers.go:797.16,798.52 1 0
/home/lzuccarelli/Projects/myportfolio/myportfolio-dbinterface/handlers.go:798.52,801.4 2 0
/home/lzuccarelli/Projects/myportfolio/myportfolio-dbinterface/handlers.go:801.9,804.4 2 0
/home/lzuccarelli/Projects/myportfolio/myportfolio-dbinterface/handlers.go:812.72,817.14 3 1
/home/lzuccarelli/Projects/myportfolio/myportfolio-dbinterface/handlers.go:822.2,826.14 3 1
/home/lzuccarelli/Projects/myportfolio/myportfolio-dbinterface/handlers.go:831.2,839.16 5 1
/home/lzuccarelli/Projects/myportfolio/myportfolio-dbinterface/handlers.go:899.2,899.22 1 1
/home/lzuccarelli/Projects/myportfolio/myportfolio-dbinterface/handlers.go:817.14,820.3 2 0
/home/lzuccarelli/Projects/myportfolio/myportfolio-dbinterface/handlers.go:826.14,829.3 2 0
/home/lzuccarelli/Projects/myportfolio/myportfolio-dbinterface/handlers.go:839.16,845.16 3 0
/home/lzuccarelli/Projects/myportfolio/myportfolio-dbinterface/handlers.go:848.3,849.15 2 0
/home/lzuccarelli/Projects/myportfolio/myportfolio-dbinterface/handlers.go:845.16,847.4 1 0
/home/lzuccarelli/Projects/myportfolio/myportfolio-dbinterface/handlers.go:849.15,852.4 2 0
/home/lzuccarelli/Projects/myportfolio/myportfolio-dbinterface/handlers.go:853.8,861.16 4 1
/home/lzuccarelli/Projects/myportfolio/myportfolio-dbinterface/handlers.go:867.3,869.15 3 1
/home/lzuccarelli/Projects/myportfolio/myportfolio-dbinterface/handlers.go:876.3,879.17 3 1
/home/lzuccarelli/Projects/myportfolio/myportfolio-dbinterface/handlers.go:861.16,863.4 1 0
/home/lzuccarelli/Projects/myportfolio/myportfolio-dbinterface/handlers.go:869.15,872.4 2 0
/home/lzuccarelli/Projects/myportfolio/myportfolio-dbinterface/handlers.go:879.17,881.4 1 0
/home/lzuccarelli/Projects/myportfolio/myportfolio-dbinterface/handlers.go:881.9,884.48 3 1
/home/lzuccarelli/Projects/myportfolio/myportfolio-dbinterface/handlers.go:884.48,886.5 1 0
/home/lzuccarelli/Projects/myportfolio/myportfolio-dbinterface/handlers.go:886.10,891.17 5 1
/home/lzuccarelli/Projects/myportfolio/myportfolio-dbinterface/handlers.go:891.17,893.6 1 0
/home/lzuccarelli/Projects/myportfolio/myportfolio-dbinterface/handlers.go:904.55,909.2 4 1
/home/lzuccarelli/Projects/myportfolio/myportfolio-dbinterface/handlers.go:912.50,916.42 4 1
/home/lzuccarelli/Projects/myportfolio/myportfolio-dbinterface/handlers.go:920.2,921.12 2 1
/home/lzuccarelli/Projects/myportfolio/myportfolio-dbinterface/handlers.go:916.42,919.3 2 0
/home/lzuccarelli/Projects/myportfolio/myportfolio-dbinterface/middleware.go:24.64,31.16 5 1
/home/lzuccarelli/Projects/myportfolio/myportfolio-dbinterface/middleware.go:35.2,36.16 2 1
/home/lzuccarelli/Projects/myportfolio/myportfolio-dbinterface/middleware.go:43.2,44.27 2 1
/home/lzuccarelli/Projects/myportfolio/myportfolio-dbinterface/middleware.go:31.16,33.3 1 0
/home/lzuccarelli/Projects/myportfolio/myportfolio-dbinterface/middleware.go:36.16,38.3 1 1
/home/lzuccarelli/Projects/myportfolio/myportfolio-dbinterface/middleware.go:38.8,41.3 2 1
/home/lzuccarelli/Projects/myportfolio/myportfolio-dbinterface/middleware.go:49.64,56.16 5 1
/home/lzuccarelli/Projects/myportfolio/myportfolio-dbinterface/middleware.go:63.2,64.27 2 1
/home/lzuccarelli/Projects/myportfolio/myportfolio-dbinterface/middleware.go:56.16,58.3 1 0
/home/lzuccarelli/Projects/myportfolio/myportfolio-dbinterface/middleware.go:58.8,61.3 2 1
/home/lzuccarelli/Projects/myportfolio/myportfolio-dbinterface/middleware.go:69.75,75.25 4 1
/home/lzuccarelli/Projects/myportfolio/myportfolio-dbinterface/middleware.go:80.2,82.62 3 1
/home/lzuccarelli/Projects/myportfolio/myportfolio-dbinterface/middleware.go:94.2,95.27 2 1
/home/lzuccarelli/Projects/myportfolio/myportfolio-dbinterface/middleware.go:75.25,78.3 2 0
/home/lzuccarelli/Projects/myportfolio/myportfolio-dbinterface/middleware.go:82.62,84.3 1 0
/home/lzuccarelli/Projects/myportfolio/myportfolio-dbinterface/middleware.go:84.8,86.17 2 1
/home/lzuccarelli/Projects/myportfolio/myportfolio-dbinterface/middleware.go:86.17,88.4 1 0
/home/lzuccarelli/Projects/myportfolio/myportfolio-dbinterface/middleware.go:88.9,91.4 2 1
/home/lzuccarelli/Projects/myportfolio/myportfolio-dbinterface/middleware.go:100.88,107.25 5 1
/home/lzuccarelli/Projects/myportfolio/myportfolio-dbinterface/middleware.go:112.2,113.16 2 1
/home/lzuccarelli/Projects/myportfolio/myportfolio-dbinterface/middleware.go:117.2,120.16 3 1
/home/lzuccarelli/Projects/myportfolio/myportfolio-dbinterface/middleware.go:127.2,128.27 2 1
/home/lzuccarelli/Projects/myportfolio/myportfolio-dbinterface/middleware.go:107.25,110.3 2 0
/home/lzuccarelli/Projects/myportfolio/myportfolio-dbinterface/middleware.go:113.16,115.3 1 0
/home/lzuccarelli/Projects/myportfolio/myportfolio-dbinterface/middleware.go:120.16,122.3 1 0
/home/lzuccarelli/Projects/myportfolio/myportfolio-dbinterface/middleware.go:122.8,125.3 2 1
/home/lzuccarelli/Projects/myportfolio/myportfolio-dbinterface/middleware.go:133.81,140.25 5 1
/home/lzuccarelli/Projects/myportfolio/myportfolio-dbinterface/middleware.go:145.2,146.16 2 1
/home/lzuccarelli/Projects/myportfolio/myportfolio-dbinterface/middleware.go:153.2,154.27 2 1
/home/lzuccarelli/Projects/myportfolio/myportfolio-dbinterface/middleware.go:140.25,143.3 2 0
/home/lzuccarelli/Projects/myportfolio/myportfolio-dbinterface/middleware.go:146.16,148.3 1 0
/home/lzuccarelli/Projects/myportfolio/myportfolio-dbinterface/middleware.go:148.8,151.3 2 1
/home/lzuccarelli/Projects/myportfolio/myportfolio-dbinterface/middleware.go:159.82,166.25 5 1
/home/lzuccarelli/Projects/myportfolio/myportfolio-dbinterface/middleware.go:171.2,172.16 2 1
/home/lzuccarelli/Projects/myportfolio/myportfolio-dbinterface/middleware.go:179.2,180.27 2 1
/home/lzuccarelli/Projects/myportfolio/myportfolio-dbinterface/middleware.go:166.25,169.3 2 0
/home/lzuccarelli/Projects/myportfolio/myportfolio-dbinterface/middleware.go:172.16,174.3 1 0
/home/lzuccarelli/Projects/myportfolio/myportfolio-dbinterface/middleware.go:174.8,177.3 2 1
/home/lzuccarelli/Projects/myportfolio/myportfolio-dbinterface/middleware.go:185.76,192.25 5 1
/home/lzuccarelli/Projects/myportfolio/myportfolio-dbinterface/middleware.go:197.2,198.16 2 1
/home/lzuccarelli/Projects/myportfolio/myportfolio-dbinterface/middleware.go:205.2,206.27 2 1
/home/lzuccarelli/Projects/myportfolio/myportfolio-dbinterface/middleware.go:192.25,195.3 2 0
/home/lzuccarelli/Projects/myportfolio/myportfolio-dbinterface/middleware.go:198.16,200.3 1 0
/home/lzuccarelli/Projects/myportfolio/myportfolio-dbinterface/middleware.go:200.8,203.3 2 1
/home/lzuccarelli/Projects/myportfolio/myportfolio-dbinterface/middleware.go:211.91,220.25 7 1
/home/lzuccarelli/Projects/myportfolio/myportfolio-dbinterface/middleware.go:225.2,229.32 4 1
/home/lzuccarelli/Projects/myportfolio/myportfolio-dbinterface/middleware.go:239.2,240.16 2 1
/home/lzuccarelli/Projects/myportfolio/myportfolio-dbinterface/middleware.go:253.2,254.27 2 1
/home/lzuccarelli/Projects/myportfolio/myportfolio-dbinterface/middleware.go:220.25,223.3 2 0
/home/lzuccarelli/Projects/myportfolio/myportfolio-dbinterface/middleware.go:229.32,234.3 4 0
/home/lzuccarelli/Projects/myportfolio/myportfolio-dbinterface/middleware.go:234.8,238.3 3 1
/home/lzuccarelli/Projects/myportfolio/myportfolio-dbinterface/middleware.go:240.16,242.3 1 0
/home/lzuccarelli/Projects/myportfolio/myportfolio-dbinterface/middleware.go:242.8,251.3 2 1
/home/lzuccarelli/Projects/myportfolio/myportfolio-dbinterface/middleware.go:259.68,265.25 4 1
/home/lzuccarelli/Projects/myportfolio/myportfolio-dbinterface/middleware.go:270.2,271.16 2 1
/home/lzuccarelli/Projects/myportfolio/myportfolio-dbinterface/middleware.go:275.2,276.16 2 1
/home/lzuccarelli/Projects/myportfolio/myportfolio-dbinterface/middleware.go:283.2,284.27 2 1
/home/lzuccarelli/Projects/myportfolio/myportfolio-dbinterface/middleware.go:265.25,268.3 2 0
/home/lzuccarelli/Projects/myportfolio/myportfolio-dbinterface/middleware.go:271.16,273.3 1 0
/home/lzuccarelli/Projects/myportfolio/myportfolio-dbinterface/middleware.go:276.16,278.3 1 1
/home/lzuccarelli/Projects/myportfolio/myportfolio-dbinterface/middleware.go:278.8,281.3 2 1
/home/lzuccarelli/Projects/myportfolio/myportfolio-dbinterface/middleware.go:289.71,297.16 5 1
/home/lzuccarelli/Projects/myportfolio/myportfolio-dbinterface/middleware.go:301.2,302.16 2 1
/home/lzuccarelli/Projects/myportfolio/myportfolio-dbinterface/middleware.go:309.2,312.27 4 1
/home/lzuccarelli/Projects/myportfolio/myportfolio-dbinterface/middleware.go:297.16,299.3 1 0
/home/lzuccarelli/Projects/myportfolio/myportfolio-dbinterface/middleware.go:302.16,304.3 1 0
/home/lzuccarelli/Projects/myportfolio/myportfolio-dbinterface/middleware.go:304.8,307.3 2 1
/home/lzuccarelli/Projects/myportfolio/myportfolio-dbinterface/middleware.go:317.82,323.25 4 1
/home/lzuccarelli/Projects/myportfolio/myportfolio-dbinterface/middleware.go:328.2,329.14 2 1
/home/lzuccarelli/Projects/myportfolio/myportfolio-dbinterface/middleware.go:336.2,337.27 2 1
/home/lzuccarelli/Projects/myportfolio/myportfolio-dbinterface/middleware.go:323.25,326.3 2 0
/home/lzuccarelli/Projects/myportfolio/myportfolio-dbinterface/middleware.go:329.14,331.3 1 0
/home/lzuccarelli/Projects/myportfolio/myportfolio-dbinterface/middleware.go:331.8,334.3 2 1
/home/lzuccarelli/Projects/myportfolio/myportfolio-dbinterface/middleware.go:342.70,348.25 4 1
/home/lzuccarelli/Projects/myportfolio/myportfolio-dbinterface/middleware.go:353.2,354.16 2 1
/home/lzuccarelli/Projects/myportfolio/myportfolio-dbinterface/middleware.go:358.2,359.14 2 1
/home/lzuccarelli/Projects/myportfolio/myportfolio-dbinterface/middleware.go:366.2,367.27 2 1
/home/lzuccarelli/Projects/myportfolio/myportfolio-dbinterface/middleware.go:348.25,351.3 2 0
/home/lzuccarelli/Projects/myportfolio/myportfolio-dbinterface/middleware.go:354.16,356.3 1 0
/home/lzuccarelli/Projects/myportfolio/myportfolio-dbinterface/middleware.go:359.14,361.3 1 1
/home/lzuccarelli/Projects/myportfolio/myportfolio-dbinterface/middleware.go:361.8,364.3 2 1
/home/lzuccarelli/Projects/myportfolio/myportfolio-dbinterface/middleware.go:372.71,379.25 5 1
/home/lzuccarelli/Projects/myportfolio/myportfolio-dbinterface/middleware.go:384.2,385.16 2 1
/home/lzuccarelli/Projects/myportfolio/myportfolio-dbinterface/middleware.go:392.2,393.27 2 1
/home/lzuccarelli/Projects/myportfolio/myportfolio-dbinterface/middleware.go:379.25,382.3 2 0
/home/lzuccarelli/Projects/myportfolio/myportfolio-dbinterface/middleware.go:385.16,387.3 1 0
/home/lzuccarelli/Projects/myportfolio/myportfolio-dbinterface/middleware.go:387.8,390.3 2 1
/home/lzuccarelli/Projects/myportfolio/myportfolio-dbinterface/middleware.go:398.74,404.25 4 1
/home/lzuccarelli/Projects/myportfolio/myportfolio-dbinterface/middleware.go:409.2,410.16 2 1
/home/lzuccarelli/Projects/myportfolio/myportfolio-dbinterface/middleware.go:414.2,415.14 2 1
/home/lzuccarelli/Projects/myportfolio/myportfolio-dbinterface/middleware.go:422.2,423.27 2 1
/home/lzuccarelli/Projects/myportfolio/myportfolio-dbinterface/middleware.go:404.25,407.3 2 0
/home/lzuccarelli/Projects/myportfolio/myportfolio-dbinterface/middleware.go:410.16,412.3 1 0
/home/lzuccarelli/Projects/myportfolio/myportfolio-dbinterface/middleware.go:415.14,417.3 1 0
/home/lzuccarelli/Projects/myportfolio/myportfolio-dbinterface/middleware.go:417.8,420.3 2 1
/home/lzuccarelli/Projects/myportfolio/myportfolio-dbinterface/middleware.go:426.68,431.2 4 1
/home/lzuccarelli/Projects/myportfolio/myportfolio-dbinterface/middleware.go:434.54,438.2 3 1
/home/lzuccarelli/Projects/myportfolio/myportfolio-dbinterface/middleware.go:441.65,442.27 1 1
/home/lzuccarelli/Projects/myportfolio/myportfolio-dbinterface/middleware.go:446.2,446.14 1 1
/home/lzuccarelli/Projects/myportfolio/myportfolio-dbinterface/middleware.go:442.27,445.3 2 0
/home/lzuccarelli/Projects/myportfolio/myportfolio-dbinterface/middleware.go:450.81,454.2 3 1
/home/lzuccarelli/Projects/myportfolio/myportfolio-dbinterface/middleware.go:457.57,459.38 2 1
/home/lzuccarelli/Projects/myportfolio/myportfolio-dbinterface/middleware.go:466.2,472.134 5 1
/home/lzuccarelli/Projects/myportfolio/myportfolio-dbinterface/middleware.go:459.38,461.29 2 1
/home/lzuccarelli/Projects/myportfolio/myportfolio-dbinterface/middleware.go:461.29,463.4 1 1
/home/lzuccarelli/Projects/myportfolio/myportfolio-dbinterface/validate.go:12.36,16.27 4 1
/home/lzuccarelli/Projects/myportfolio/myportfolio-dbinterface/validate.go:24.2,24.12 1 1
/home/lzuccarelli/Projects/myportfolio/myportfolio-dbinterface/validate.go:16.27,17.15 1 1
/home/lzuccarelli/Projects/myportfolio/myportfolio-dbinterface/validate.go:17.15,20.4 2 1
/home/lzuccarelli/Projects/myportfolio/myportfolio-dbinterface/validate.go:20.9,22.4 1 1
/home/lzuccarelli/Projects/myportfolio/myportfolio-dbinterface/validate.go:30.29,48.26 2 1
/home/lzuccarelli/Projects/myportfolio/myportfolio-dbinterface/validate.go:53.2,53.12 1 1
/home/lzuccarelli/Projects/myportfolio/myportfolio-dbinterface/validate.go:48.26,49.46 1 1
/home/lzuccarelli/Projects/myportfolio/myportfolio-dbinterface/validate.go:49.46,51.4 1 1
